Log file open, 04/28/25 23:22:06
LogICUInternationalization: ICU TimeZone Detection - Raw Offset: -5:00, Platform Override: ''
LogConfig: No local boot hotfix file found at: [/home/alphaspectre/.config/Epic/CrashReportClient/Saved/PersistentDownloadDir/HotfixForNextBoot.txt]
LogInit: ExecutableName: CrashReportClientEditor
LogInit: Build: UE5-CL-35576357
LogInit: Platform=Linux
LogInit: MachineId=da11796184b34a62952dcf9aaf1b8e6f-000003e8
LogInit: DeviceId=
LogInit: Engine Version: 5.4.4-35576357+UE5
LogInit: Compatible Engine Version: 5.4.0-33043543+UE5
LogInit: Net CL: 33043543
LogInit: OS: Nobara Linux 41 (KDE Plasma) (6.14.3-200.nobara.fc41.x86_64), CPU: Intel(R) Core(TM) i7-9700K CPU @ 3.60GHz, GPU: NVIDIA GeForce RTX 2080 Ti (NVIDIA UNIX Open Kernel Module for x86_64  570.133.07  Release Build  (dvs-builder@U22-I3-G01-1-1)  Fri Mar 14 12:57:14 UTC 2025)
LogInit: Compiled (64-bit): Sep  4 2024 02:52:29
LogInit: Architecture: x64
LogInit: Compiled with Clang: 16.0.6 (github.com/llvm/llvm-project 7cbf1a2591520c2491aa35339f227775f4d3adf6)
LogInit: Build Configuration: Shipping
LogInit: Branch Name: UE5
LogInit: Command Line:  -Abslog="/run/media/alphaspectre/sda1/Unreal Engine/Projects/Marketplace-Platformer/Saved/Logs/MarketPlatformer-CRC.log" -Unattended "/run/media/alphaspectre/sda1/Unreal Engine/Projects/Marketplace-Platformer/Saved/Crashes/ensureinfo-MarketPlatformer-pid-8873-CEE9067D701942F299F1B206B34D98CD/"
LogInit: Base Directory: /run/media/alphaspectre/sda1/Unreal Engine/Instances/dev-5.4.4/Engine/Binaries/Linux/
LogInit: Allocator: Mimalloc
LogInit: Installed Engine Build: 1
LogInit: This binary is optimized with LTO: no, PGO: no, instrumented for PGO data collection: no
LogInit: Presizing for max 2097152 objects, including 1 objects not considered by GC, pre-allocating 0 bytes for permanent pool.
LogInit: Object subsystem initialized
LogConfig: Applying CVar settings from Section [ConsoleVariables] File [Engine]
LogConfig: Set CVar [[memory.MemoryPressureCriticalThresholdMB:512]]
[2025.04.29-03.22.06:108][  0]LogInit: Unix hardware info:
[2025.04.29-03.22.06:108][  0]LogInit:  - we are the first instance of this executable
[2025.04.29-03.22.06:108][  0]LogInit:  - this process' id (pid) is 126359, parent process' id (ppid) is 8873
[2025.04.29-03.22.06:108][  0]LogInit:  - we are not running under debugger
[2025.04.29-03.22.06:108][  0]LogInit:  - machine network name is 'Grant-Linux'
[2025.04.29-03.22.06:108][  0]LogInit:  - user name is 'alphaspectre' (alphaspectre)
[2025.04.29-03.22.06:108][  0]LogInit:  - we're logged in locally
[2025.04.29-03.22.06:108][  0]LogInit:  - we're running with rendering
[2025.04.29-03.22.06:108][  0]LogInit:  - CPU: GenuineIntel 'Intel(R) Core(TM) i7-9700K CPU @ 3.60GHz' (signature: 0x906EC)
[2025.04.29-03.22.06:108][  0]LogInit:  - Number of physical cores available for the process: 8
[2025.04.29-03.22.06:108][  0]LogInit:  - Number of logical cores available for the process: 8
[2025.04.29-03.22.06:108][  0]LogInit:  - GPU Brand Info: NVIDIA GeForce RTX 2080 Ti (NVIDIA UNIX Open Kernel Module for x86_64  570.133.07  Release Build  (dvs-builder@U22-I3-G01-1-1)  Fri Mar 14 12:57:14 UTC 2025)
[2025.04.29-03.22.06:108][  0]LogInit:  - Memory allocator used: Mimalloc
[2025.04.29-03.22.06:108][  0]LogInit:  - This is an internal build.
[2025.04.29-03.22.06:108][  0]LogCore: Skipped benchmarking clocks because the engine is running in a standalone program mode - CLOCK_MONOTONIC will be used.
[2025.04.29-03.22.06:108][  0]LogInit: Unix-specific commandline switches:
[2025.04.29-03.22.06:108][  0]LogInit:  -ansimalloc - use malloc()/free() from libc (useful for tools like valgrind and electric fence)
[2025.04.29-03.22.06:108][  0]LogInit:  -jemalloc - use jemalloc for all memory allocation
[2025.04.29-03.22.06:108][  0]LogInit:  -binnedmalloc - use binned malloc  for all memory allocation
[2025.04.29-03.22.06:108][  0]LogInit:  -filemapcachesize=NUMBER - set the size for case-sensitive file mapping cache
[2025.04.29-03.22.06:108][  0]LogInit:  -useksm - uses kernel same-page mapping (KSM) for mapped memory (OFF)
[2025.04.29-03.22.06:108][  0]LogInit:  -ksmmergeall - marks all mmap'd memory pages suitable for KSM (OFF)
[2025.04.29-03.22.06:108][  0]LogInit:  -preloadmodulesymbols - Loads the main module symbols file into memory (OFF)
[2025.04.29-03.22.06:108][  0]LogInit:  -sigdfl=SIGNAL - Allows a specific signal to be set to its default handler rather then ignoring the signal
[2025.04.29-03.22.06:108][  0]LogInit:  -crashhandlerstacksize - Allows setting crash handler stack sizes (204800)
[2025.04.29-03.22.06:108][  0]LogInit:  -noexclusivelockonwrite - disables marking files created by the engine as exclusive locked while the engine has them opened
[2025.04.29-03.22.06:108][  0]LogInit:  -httpproxy=ADDRESS:PORT - redirects HTTP requests to a proxy (only supported if compiled with libcurl)
[2025.04.29-03.22.06:108][  0]LogInit:  -reuseconn - allow libcurl to reuse HTTP connections (only matters if compiled with libcurl)
[2025.04.29-03.22.06:108][  0]LogInit:  -virtmemkb=NUMBER - sets process virtual memory (address space) limit (overrides VirtualMemoryLimitInKB value from .ini)
[2025.04.29-03.22.06:108][  0]LogInit:  -allowsyscallfilterfile=PATH_TO_FILE - sets up a system call filter allow list. any invalid syscall in this list *will* cause a crash
[2025.04.29-03.22.06:108][  0]LogInit:  - Physical RAM available (not considering process quota): 32 GB (32007 MB, 32775272 KB, 33561878528 bytes)
[2025.04.29-03.22.06:108][  0]LogInit:  - VirtualMemoryAllocator pools will grow at scale 1
[2025.04.29-03.22.06:108][  0]LogInit:  - MemoryRangeDecommit() will be a no-op (re-run with -vmapoolevict to change)
[2025.04.29-03.22.06:108][  0]LogInit:  - PageSize 4096
[2025.04.29-03.22.06:108][  0]LogInit:  - BinnedPageSize 65536
[2025.04.29-03.22.06:110][  0]LogUObjectArray: 475 objects as part of root set at end of initial load.
[2025.04.29-03.22.06:110][  0]LogUObjectArray: 0 objects are not in the root set, but can never be destroyed because they are in the DisregardForGC set.
[2025.04.29-03.22.06:110][  0]LogUObjectAllocator: 80424 out of 0 bytes used by permanent object pool.
[2025.04.29-03.22.06:110][  0]LogUObjectArray: CloseDisregardForGC: 475/475 objects in disregard for GC pool
[2025.04.29-03.22.06:110][  0]LogInit: Using OS detected language (en-US).
[2025.04.29-03.22.06:110][  0]LogInit: Using OS detected locale (en-US).
[2025.04.29-03.22.06:110][  0]LogTextLocalizationManager: No specific localization for 'en-US' exists, so 'en' will be used for the language.
[2025.04.29-03.22.06:136][  0]LogInit: Using OS detected language (en-US).
[2025.04.29-03.22.06:136][  0]LogInit: Using OS detected locale (en-US).
[2025.04.29-03.22.06:136][  0]LogTextLocalizationManager: No localization for 'en-US' exists, so 'en' will be used for the language.
[2025.04.29-03.22.06:136][  0]LogTextLocalizationManager: No localization for 'en-US' exists, so 'en' will be used for the locale.
[2025.04.29-03.22.06:136][  0]LogPackageLocalizationCache: Processed 2 localized package path(s) for 1 prioritized culture(s) in 0.000023 seconds
[2025.04.29-03.22.06:137][  0]CrashReportCoreLog: Display: Applying project settings from '/run/media/alphaspectre/sda1/Unreal Engine/Projects/Marketplace-Platformer/Saved/Crashes/ensureinfo-MarketPlatformer-pid-8873-CEE9067D701942F299F1B206B34D98CD/CrashReportClient.ini'.
[2025.04.29-03.22.06:137][  0]CrashReportCoreLog: CrashReportClientVersion=1.0
[2025.04.29-03.22.06:137][  0]CrashReportCoreLog: CrashReportReceiver disabled
[2025.04.29-03.22.06:137][  0]CrashReportCoreLog: DataRouter disabled
[2025.04.29-03.22.06:137][  0]CrashReportCoreLog: Initial state = Unknown UploadState value
[2025.04.29-03.22.06:137][  0]CrashReportCoreLog: Initial state = Unknown UploadState value
[2025.04.29-03.22.06:138][  0]LogCrashDebugHelper: DepotName: UE5
[2025.04.29-03.22.06:138][  0]LogCrashDebugHelper: BuiltFromCL: 35576357
[2025.04.29-03.22.06:138][  0]LogCrashDebugHelper: EngineVersion: 5.4.4-35576357+UE5
[2025.04.29-03.22.06:138][  0]LogCrashDebugHelper: BuildVersion: UE5-CL-35576357
[2025.04.29-03.22.07:141][  0]CrashReportCoreLog: Final state (Receiver) = Unknown UploadState value
[2025.04.29-03.22.07:141][  0]CrashReportCoreLog: Final state (Receiver) = Unknown UploadState value
[2025.04.29-03.22.07:141][  0]LogCore: Engine exit requested (reason: CrashReportClientApp RequestExit)
[2025.04.29-03.22.07:141][  0]LogExit: Preparing to exit.
[2025.04.29-03.22.07:144][  0]LogExit: Object subsystem successfully closed.
[2025.04.29-03.22.07:144][  0]LogPakFile: Destroying PakPlatformFile
[2025.04.29-03.22.07:144][  0]LogExit: Exiting.
[2025.04.29-03.22.07:153][  0]Log file closed, 04/28/25 23:22:07
